#######
#E..EG#
#.#G.E#
#E.##E#
#G..#.#
#..E#.#
#######
200
200
200
200
200
200
200
200
200

After Round 1
#######
#.EGEG#
#.#..E#
#E.##E#
#G.E#.#
#...#.#
#######
200
200
194
194
200
197
200
197
200

After Round 2
#######
#.EGEG#
#.#..E#
#E.##E#
#GE.#.#
#...#.#
#######
200
197
188
188
200
194
200
191
200

After Round 3
#######
#.EGEG#
#.#..E#
#E.##E#
#GE.#.#
#...#.#
#######
200
194
182
182
200
191
200
185
200

After Round 4
#######
#.EGEG#
#.#..E#
#E.##E#
#GE.#.#
#...#.#
#######
200
191
176
176
200
188
200
179
200

After Round 5
#######
#.EGEG#
#.#..E#
#E.##E#
#GE.#.#
#...#.#
#######
200
188
170
170
200
185
200
173
200

After Round 6
#######
#.EGEG#
#.#..E#
#E.##E#
#GE.#.#
#...#.#
#######
200
185
164
164
200
182
200
167
200

After Round 7
#######
#.EGEG#
#.#..E#
#E.##E#
#GE.#.#
#...#.#
#######
200
182
158
158
200
179
200
161
200

After Round 8
#######
#.EGEG#
#.#..E#
#E.##E#
#GE.#.#
#...#.#
#######
200
179
152
152
200
176
200
155
200

After Round 9
#######
#.EGEG#
#.#..E#
#E.##E#
#GE.#.#
#...#.#
#######
200
176
146
146
200
173
200
149
200

After Round 10
#######
#.EGEG#
#.#..E#
#E.##E#
#GE.#.#
#...#.#
#######
200
173
140
140
200
170
200
143
200

After Round 11
#######
#.EGEG#
#.#..E#
#E.##E#
#GE.#.#
#...#.#
#######
200
170
134
134
200
167
200
137
200

After Round 12
#######
#.EGEG#
#.#..E#
#E.##E#
#GE.#.#
#...#.#
#######
200
167
128
128
200
164
200
131
200

After Round 13
#######
#.EGEG#
#.#..E#
#E.##E#
#GE.#.#
#...#.#
#######
200
164
122
122
200
161
200
125
200

After Round 14
#######
#.EGEG#
#.#..E#
#E.##E#
#GE.#.#
#...#.#
#######
200
161
116
116
200
158
200
119
200

After Round 15
#######
#.EGEG#
#.#..E#
#E.##E#
#GE.#.#
#...#.#
#######
200
158
110
110
200
155
200
113
200

After Round 16
#######
#.EGEG#
#.#..E#
#E.##E#
#GE.#.#
#...#.#
#######
200
155
104
104
200
152
200
107
200

After Round 17
#######
#.EGEG#
#.#..E#
#E.##E#
#GE.#.#
#...#.#
#######
200
152
98
98
200
149
200
101
200

After Round 18
#######
#.EGEG#
#.#..E#
#E.##E#
#GE.#.#
#...#.#
#######
200
149
92
92
200
146
200
95
200

After Round 19
#######
#.EGEG#
#.#..E#
#E.##E#
#GE.#.#
#...#.#
#######
200
146
86
86
200
143
200
89
200

After Round 20
#######
#.EGEG#
#.#..E#
#E.##E#
#GE.#.#
#...#.#
#######
200
143
80
80
200
140
200
83
200

After Round 21
#######
#.EGEG#
#.#..E#
#E.##E#
#GE.#.#
#...#.#
#######
200
140
74
74
200
137
200
77
200

After Round 22
#######
#.EGEG#
#.#..E#
#E.##E#
#GE.#.#
#...#.#
#######
200
137
68
68
200
134
200
71
200

After Round 23
#######
#.EGEG#
#.#..E#
#E.##E#
#GE.#.#
#...#.#
#######
200
134
62
62
200
131
200
65
200

After Round 24
#######
#.EGEG#
#.#..E#
#E.##E#
#GE.#.#
#...#.#
#######
200
131
56
56
200
128
200
59
200

After Round 25
#######
#.EGEG#
#.#..E#
#E.##E#
#GE.#.#
#...#.#
#######
200
128
50
50
200
125
200
53
200

After Round 26
#######
#.EGEG#
#.#..E#
#E.##E#
#GE.#.#
#...#.#
#######
200
125
44
44
200
122
200
47
200

After Round 27
#######
#.EGEG#
#.#..E#
#E.##E#
#GE.#.#
#...#.#
#######
200
122
38
38
200
119
200
41
200

After Round 28
#######
#.EGEG#
#.#..E#
#E.##E#
#GE.#.#
#...#.#
#######
200
119
32
32
200
116
200
35
200

After Round 29
#######
#.EGEG#
#.#..E#
#E.##E#
#GE.#.#
#...#.#
#######
200
116
26
26
200
113
200
29
200

After Round 30
#######
#.EGEG#
#.#..E#
#E.##E#
#GE.#.#
#...#.#
#######
200
113
20
20
200
110
200
23
200

After Round 31
#######
#.EGEG#
#.#..E#
#E.##E#
#GE.#.#
#...#.#
#######
200
110
14
14
200
107
200
17
200

After Round 32
#######
#.EGEG#
#.#..E#
#E.##E#
#GE.#.#
#...#.#
#######
200
107
8
8
200
104
200
11
200

After Round 33
#######
#.EGEG#
#.#..E#
#E.##E#
#GE.#.#
#...#.#
#######
200
104
2
2
200
101
200
5
200

After Round 34
#######
#.EG..#
#.#..E#
#E.##E#
#.E.#.#
#...#.#
#######
197
101
197
98
200
200

After Round 35
#######
#.EG.E#
#.#..E#
#E.##.#
#.E.#.#
#...#.#
#######
194
98
197
200
98
200

After Round 36
#######
#.EGE.#
#.#.E.#
#E.##.#
#.E.#.#
#...#.#
#######
191
92
197
200
98
200

After Round 37
#######
#.EGE.#
#.#E..#
#E.##.#
#.E.#.#
#...#.#
#######
188
83
197
200
98
200

After Round 38
#######
#.EGE.#
#.#E..#
#E.##.#
#.E.#.#
#...#.#
#######
185
74
197
200
98
200

After Round 39
#######
#.EGE.#
#.#E..#
#E.##.#
#.E.#.#
#...#.#
#######
182
65
197
200
98
200

After Round 40
#######
#.EGE.#
#.#E..#
#E.##.#
#.E.#.#
#...#.#
#######
179
56
197
200
98
200

After Round 41
#######
#.EGE.#
#.#E..#
#E.##.#
#.E.#.#
#...#.#
#######
176
47
197
200
98
200

After Round 42
#######
#.EGE.#
#.#E..#
#E.##.#
#.E.#.#
#...#.#
#######
173
38
197
200
98
200

After Round 43
#######
#.EGE.#
#.#E..#
#E.##.#
#.E.#.#
#...#.#
#######
170
29
197
200
98
200

After Round 44
#######
#.EGE.#
#.#E..#
#E.##.#
#.E.#.#
#...#.#
#######
167
20
197
200
98
200

After Round 45
#######
#.EGE.#
#.#E..#
#E.##.#
#.E.#.#
#...#.#
#######
164
11
197
200
98
200

After Round 46
#######
#.EGE.#
#.#E..#
#E.##.#
#.E.#.#
#...#.#
#######
161
2
197
200
98
200

During Unfinished Round 47
#######
#.E.E.#
#.#E..#
#E.##.#
#.E.#.#
#...#.#
#######
161
197
200
98
200

39376
